30/09/2018 01:01:57 PM - P01SearchPixitMediaTests - INFO: test1_goto_google_page_started
30/09/2018 01:01:57 PM - P01SearchPixitMedia - INFO: expectedURL ( https://www.google.co.uk ) VS currentURL ( https://www.google.co.uk )
30/09/2018 01:01:57 PM - TestStatus - INFO: ### VERIFICATION SUCCESSFUL -- Currently At Google Page Verified
30/09/2018 01:01:57 PM - P01SearchPixitMedia - INFO: Element found - locator (lst-ib) + locatorType (id)
30/09/2018 01:01:57 PM - P01SearchPixitMedia - INFO: Clicked on element - locator (lst-ib) + locatorType (id)
30/09/2018 01:01:57 PM - P01SearchPixitMedia - INFO: Element found - locator (lst-ib) + locatorType (id)
30/09/2018 01:01:57 PM - P01SearchPixitMedia - INFO: Sent data (pixitmedia) on element - locator (lst-ib) + locatorType (id)
30/09/2018 01:01:57 PM - P01SearchPixitMedia - INFO: Element found - locator (//span[@class='lsbb']//input[@value='Google Search']) + locatorType (xpath)
30/09/2018 01:01:57 PM - P01SearchPixitMedia - INFO: Element present - locator (//span[@class='lsbb']//input[@value='Google Search']) + locatorType (xpath)
30/09/2018 01:01:57 PM - P01SearchPixitMedia - INFO: Element found - locator (//span[@class='lsbb']//input[@value='Google Search']) + locatorType (xpath)
30/09/2018 01:01:57 PM - P01SearchPixitMedia - INFO: Clicked on element - locator (//span[@class='lsbb']//input[@value='Google Search']) + locatorType (xpath)
30/09/2018 01:02:07 PM - P01SearchPixitMedia - INFO: Element not found - locator (pixitmedia - High Performance Software Defined Sto) + locatorType (link)
30/09/2018 01:02:07 PM - P01SearchPixitMedia - INFO: Element not present - locator (pixitmedia - High Performance Software Defined Sto) + locatorType (link)
30/09/2018 01:02:17 PM - P01SearchPixitMedia - INFO: Element not found - locator (pixitmedia - High Performance Software Defined Storage) + locatorType (link)
30/09/2018 01:02:17 PM - P01SearchPixitMedia - INFO: Cannot click on the element - locator (pixitmedia - High Performance Software Defined Storage) + locatorType (link)
30/09/2018 01:02:22 PM - P01SearchPixitMedia - INFO: expectedURL ( https://www.pixitmedia.com ) VS currentURL ( https://www.google.co.uk )
30/09/2018 01:02:22 PM - TestStatus - ERROR: ### VERIFICATION FAILED -- test1_google_pixitmedia
30/09/2018 01:02:22 PM - TestStatus - INFO: Screenshot save to directory: C:\Users\cromox\Desktop\newselenium\UDEMY\PixitMedia\base\..\screenshots\test1_google_pixitmedia_20180930_130222_542949.png
30/09/2018 01:02:22 PM - TestStatus - ERROR: now at pixitmedia page ### TEST FAILED
30/09/2018 01:02:22 PM - P01SearchPixitMediaTests - INFO: test2_goto_pixstor_page_started
30/09/2018 01:02:41 PM - P01SearchPixitMediaTests - INFO: test1_goto_google_page_started
30/09/2018 01:02:41 PM - P01SearchPixitMedia - INFO: expectedURL ( https://www.google.co.uk ) VS currentURL ( https://www.google.co.uk )
30/09/2018 01:02:41 PM - TestStatus - INFO: ### VERIFICATION SUCCESSFUL -- Currently At Google Page Verified
30/09/2018 01:02:41 PM - P01SearchPixitMedia - INFO: Element found - locator (lst-ib) + locatorType (id)
30/09/2018 01:02:41 PM - P01SearchPixitMedia - INFO: Clicked on element - locator (lst-ib) + locatorType (id)
30/09/2018 01:02:41 PM - P01SearchPixitMedia - INFO: Element found - locator (lst-ib) + locatorType (id)
30/09/2018 01:02:42 PM - P01SearchPixitMedia - INFO: Sent data (pixitmedia) on element - locator (lst-ib) + locatorType (id)
30/09/2018 01:02:42 PM - P01SearchPixitMedia - INFO: Element found - locator (//span[@class='lsbb']//input[@value='Google Search']) + locatorType (xpath)
30/09/2018 01:02:42 PM - P01SearchPixitMedia - INFO: Element present - locator (//span[@class='lsbb']//input[@value='Google Search']) + locatorType (xpath)
30/09/2018 01:02:42 PM - P01SearchPixitMedia - INFO: Element found - locator (//span[@class='lsbb']//input[@value='Google Search']) + locatorType (xpath)
30/09/2018 01:02:42 PM - P01SearchPixitMedia - INFO: Clicked on element - locator (//span[@class='lsbb']//input[@value='Google Search']) + locatorType (xpath)
30/09/2018 01:02:52 PM - P01SearchPixitMedia - INFO: Element not found - locator (pixitmedia - High Performance Software Defined Sto) + locatorType (link)
30/09/2018 01:02:52 PM - P01SearchPixitMedia - INFO: Element not present - locator (pixitmedia - High Performance Software Defined Sto) + locatorType (link)
30/09/2018 01:03:02 PM - P01SearchPixitMedia - INFO: Element not found - locator (pixitmedia - High Performance Software Defined Storage) + locatorType (link)
30/09/2018 01:03:02 PM - P01SearchPixitMedia - INFO: Cannot click on the element - locator (pixitmedia - High Performance Software Defined Storage) + locatorType (link)
30/09/2018 01:03:07 PM - P01SearchPixitMedia - INFO: expectedURL ( https://www.pixitmedia.com ) VS currentURL ( https://www.google.co.uk )
30/09/2018 01:03:07 PM - TestStatus - ERROR: ### VERIFICATION FAILED -- test1_google_pixitmedia
30/09/2018 01:03:07 PM - TestStatus - INFO: Screenshot save to directory: C:\Users\cromox\Desktop\newselenium\UDEMY\PixitMedia\base\..\screenshots\test1_google_pixitmedia_20180930_130307_410516.png
30/09/2018 01:03:07 PM - TestStatus - ERROR: now at pixitmedia page ### TEST FAILED
30/09/2018 01:03:07 PM - P01SearchPixitMediaTests - INFO: test2_goto_pixstor_page_started
30/09/2018 01:03:17 PM - P01SearchPixitMedia - INFO: Element not found - locator (//*[@id="menu-item-48"]/*/*) + locatorType (xpath)
30/09/2018 01:03:17 PM - P01SearchPixitMedia - INFO: Cannot click on the element - locator (//*[@id="menu-item-48"]/*/*) + locatorType (xpath)
30/09/2018 01:03:27 PM - P01SearchPixitMedia - INFO: Element not found - locator (PixStor Search) + locatorType (link)
30/09/2018 01:03:27 PM - P01SearchPixitMedia - INFO: Cannot click on the element - locator (PixStor Search) + locatorType (link)
30/09/2018 01:03:37 PM - P01SearchPixitMedia - INFO: Element not found - locator (//span[@class='elementor-button-text']) + locatorType (xpath)
30/09/2018 01:03:37 PM - P01SearchPixitMedia - INFO: Cannot click on the element - locator (//span[@class='elementor-button-text']) + locatorType (xpath)
30/09/2018 01:03:41 PM - P01SearchPixitMediaTests - INFO: test3_fill_in_contactus_page_started
30/09/2018 01:03:41 PM - P01SearchPixitMedia - INFO: Element not found - locator (//*[@id="menu-item-8974"]/*/*) + locatorType (xpath)
30/09/2018 01:03:41 PM - P01SearchPixitMedia - INFO: Cannot click on the element - locator (//*[@id="menu-item-8974"]/*/*) + locatorType (xpath)
